  [1m[35m (263.0ms)[0m  [1m[35mCREATE DATABASE "soff_development" ENCODING = 'unicode'[0m
  [1m[35m (99.3ms)[0m  [1m[35mCREATE DATABASE "soff_test" ENCODING = 'unicode'[0m
  [1m[35m (23.6ms)[0m  [1m[35mCREATE TABLE "schema_migrations" ("version" character varying NOT NULL PRIMARY KEY)[0m
  [1m[35m (4.6ms)[0m  [1m[35mCREATE TABLE "ar_internal_metadata" ("key" character varying NOT NULL PRIMARY KEY, "value" character varying, "created_at" timestamp(6) NOT NULL, "updated_at" timestamp(6) NOT NULL)[0m
  [1m[35m (0.2ms)[0m  [1m[34mSELECT pg_try_advisory_lock(1759762015482289035)[0m
  [1m[35m (0.9ms)[0m  [1m[34mSELECT "schema_migrations"."version" FROM "schema_migrations" ORDER BY "schema_migrations"."version" ASC[0m
Migrating to CreateUsers (20210308150325)
  [1m[36mTRANSACTION (0.3ms)[0m  [1m[35mBEGIN[0m
  [1m[35m (9.0ms)[0m  [1m[35mCREATE TABLE "users" ("id" bigserial primary key, "name" character varying, "created_at" timestamp(6) NOT NULL, "updated_at" timestamp(6) NOT NULL)[0m
  [1m[36mActiveRecord::SchemaMigration Create (1.8ms)[0m  [1m[32mINSERT INTO "schema_migrations" ("version") VALUES ($1) RETURNING "version"[0m  [["version", "20210308150325"]]
  [1m[36mTRANSACTION (0.5ms)[0m  [1m[35mCOMMIT[0m
Migrating to CreateGames (20210308150515)
  [1m[36mTRANSACTION (0.5ms)[0m  [1m[35mBEGIN[0m
  [1m[35m (10.7ms)[0m  [1m[35mCREATE TABLE "games" ("id" bigserial primary key, "user_id" bigint NOT NULL, "score" integer, "board_state" jsonb, "game_over" boolean, "created_at" timestamp(6) NOT NULL, "updated_at" timestamp(6) NOT NULL, CONSTRAINT "fk_rails_de9e6ea7f7"
FOREIGN KEY ("user_id")
  REFERENCES "users" ("id")
)[0m
  [1m[35m (1.1ms)[0m  [1m[35mCREATE INDEX "index_games_on_user_id" ON "games" ("user_id")[0m
  [1m[36mActiveRecord::SchemaMigration Create (1.0ms)[0m  [1m[32mINSERT INTO "schema_migrations" ("version") VALUES ($1) RETURNING "version"[0m  [["version", "20210308150515"]]
  [1m[36mTRANSACTION (0.5ms)[0m  [1m[35mCOMMIT[0m
  [1m[36mActiveRecord::InternalMetadata Load (0.6ms)[0m  [1m[34mSELECT "ar_internal_metadata".* FROM "ar_internal_metadata" WHERE "ar_internal_metadata"."key" = $1 LIMIT $2[0m  [["key", "environment"], ["LIMIT", 1]]
  [1m[36mTRANSACTION (0.2ms)[0m  [1m[35mBEGIN[0m
  [1m[36mActiveRecord::InternalMetadata Create (1.6ms)[0m  [1m[32mINSERT INTO "ar_internal_metadata" ("key", "value", "created_at", "updated_at") VALUES ($1, $2, $3, $4) RETURNING "key"[0m  [["key", "environment"], ["value", "development"], ["created_at", "2021-03-08 15:45:03.375365"], ["updated_at", "2021-03-08 15:45:03.375365"]]
  [1m[36mTRANSACTION (0.6ms)[0m  [1m[35mCOMMIT[0m
  [1m[35m (0.6ms)[0m  [1m[34mSELECT pg_advisory_unlock(1759762015482289035)[0m
  [1m[35m (1.1ms)[0m  [1m[34mSELECT "schema_migrations"."version" FROM "schema_migrations" ORDER BY "schema_migrations"."version" ASC[0m
  [1m[35m (1.4ms)[0m  [1m[34mSELECT "schema_migrations"."version" FROM "schema_migrations" ORDER BY "schema_migrations"."version" ASC[0m
  [1m[36mGame Load (1.9ms)[0m  [1m[34mSELECT "games".* FROM "games" /* loading for inspect */ LIMIT $1[0m  [["LIMIT", 11]]
  [1m[35m (0.8ms)[0m  [1m[34mSELECT "schema_migrations"."version" FROM "schema_migrations" ORDER BY "schema_migrations"."version" ASC[0m
  [1m[36mTRANSACTION (0.2ms)[0m  [1m[35mBEGIN[0m
  [1m[36mUser Create (2.8ms)[0m  [1m[32mINSERT INTO "users" ("name", "created_at", "updated_at") VALUES ($1, $2, $3) RETURNING "id"[0m  [["name", "Bingo Bongo"], ["created_at", "2021-03-08 16:11:22.328820"], ["updated_at", "2021-03-08 16:11:22.328820"]]
  [1m[36mTRANSACTION (1.0ms)[0m  [1m[35mCOMMIT[0m
  [1m[36mTRANSACTION (0.1ms)[0m  [1m[35mBEGIN[0m
  [1m[36mGame Create (3.2ms)[0m  [1m[32mINSERT INTO "games" ("user_id", "score", "board_state", "game_over", "created_at", "updated_at") VALUES ($1, $2, $3, $4, $5, $6) RETURNING "id"[0m  [["user_id", 1], ["score", 0], ["board_state", "[[0,1,2,3],[4,5,6,7],[8,9,10,11],[12,13,14,15]]"], ["game_over", false], ["created_at", "2021-03-08 16:11:22.353859"], ["updated_at", "2021-03-08 16:11:22.353859"]]
  [1m[36mTRANSACTION (0.5ms)[0m  [1m[35mCOMMIT[0m
  [1m[36mGame Load (0.6ms)[0m  [1m[34mSELECT "games".* FROM "games" /* loading for inspect */ LIMIT $1[0m  [["LIMIT", 11]]
Started GET "/" for ::1 at 2021-03-08 11:12:55 -0500
  [1m[35m (1.2ms)[0m  [1m[34mSELECT "schema_migrations"."version" FROM "schema_migrations" ORDER BY "schema_migrations"."version" ASC[0m
Processing by Rails::WelcomeController#index as HTML
  Rendering /Users/zd/.rvm/gems/ruby-2.6.1/gems/railties-6.1.3/lib/rails/templates/rails/welcome/index.html.erb
  Rendered /Users/zd/.rvm/gems/ruby-2.6.1/gems/railties-6.1.3/lib/rails/templates/rails/welcome/index.html.erb (Duration: 9.4ms | Allocations: 480)
Completed 200 OK in 48ms (Views: 20.6ms | ActiveRecord: 0.0ms | Allocations: 4150)


Started GET "/favicon.ico" for ::1 at 2021-03-08 11:12:55 -0500
  
ActionController::RoutingError (No route matches [GET] "/favicon.ico"):
  
Started GET "/" for ::1 at 2021-03-08 11:13:00 -0500
Processing by Rails::WelcomeController#index as HTML
  Rendering /Users/zd/.rvm/gems/ruby-2.6.1/gems/railties-6.1.3/lib/rails/templates/rails/welcome/index.html.erb
  Rendered /Users/zd/.rvm/gems/ruby-2.6.1/gems/railties-6.1.3/lib/rails/templates/rails/welcome/index.html.erb (Duration: 7.2ms | Allocations: 191)
Completed 200 OK in 10ms (Views: 8.4ms | ActiveRecord: 0.0ms | Allocations: 849)


Started GET "/" for ::1 at 2021-03-08 11:13:17 -0500
Processing by Rails::WelcomeController#index as HTML
  Rendering /Users/zd/.rvm/gems/ruby-2.6.1/gems/railties-6.1.3/lib/rails/templates/rails/welcome/index.html.erb
  Rendered /Users/zd/.rvm/gems/ruby-2.6.1/gems/railties-6.1.3/lib/rails/templates/rails/welcome/index.html.erb (Duration: 0.3ms | Allocations: 8)
Completed 200 OK in 1ms (Views: 0.9ms | ActiveRecord: 0.0ms | Allocations: 230)


Started GET "/" for ::1 at 2021-03-08 11:13:17 -0500
Processing by Rails::WelcomeController#index as HTML
  Rendering /Users/zd/.rvm/gems/ruby-2.6.1/gems/railties-6.1.3/lib/rails/templates/rails/welcome/index.html.erb
  Rendered /Users/zd/.rvm/gems/ruby-2.6.1/gems/railties-6.1.3/lib/rails/templates/rails/welcome/index.html.erb (Duration: 0.3ms | Allocations: 8)
Completed 200 OK in 2ms (Views: 1.1ms | ActiveRecord: 0.0ms | Allocations: 229)


Started GET "/" for ::1 at 2021-03-08 11:13:18 -0500
Processing by Rails::WelcomeController#index as HTML
  Rendering /Users/zd/.rvm/gems/ruby-2.6.1/gems/railties-6.1.3/lib/rails/templates/rails/welcome/index.html.erb
  Rendered /Users/zd/.rvm/gems/ruby-2.6.1/gems/railties-6.1.3/lib/rails/templates/rails/welcome/index.html.erb (Duration: 0.4ms | Allocations: 7)
Completed 200 OK in 2ms (Views: 1.2ms | ActiveRecord: 0.0ms | Allocations: 225)


Started GET "/" for ::1 at 2021-03-08 11:13:18 -0500
Processing by Rails::WelcomeController#index as HTML
  Rendering /Users/zd/.rvm/gems/ruby-2.6.1/gems/railties-6.1.3/lib/rails/templates/rails/welcome/index.html.erb
  Rendered /Users/zd/.rvm/gems/ruby-2.6.1/gems/railties-6.1.3/lib/rails/templates/rails/welcome/index.html.erb (Duration: 0.4ms | Allocations: 7)
Completed 200 OK in 1ms (Views: 1.1ms | ActiveRecord: 0.0ms | Allocations: 227)


  [1m[36mGame Load (0.6ms)[0m  [1m[34mSELECT "games".* FROM "games" WHERE "games"."id" = $1 LIMIT $2[0m  [["id", 1], ["LIMIT", 1]]
Started GET "/" for ::1 at 2021-03-08 11:17:25 -0500
  [1m[35m (0.9ms)[0m  [1m[34mSELECT "schema_migrations"."version" FROM "schema_migrations" ORDER BY "schema_migrations"."version" ASC[0m
Processing by Rails::WelcomeController#index as HTML
  Rendering /Users/zd/.rvm/gems/ruby-2.6.1/gems/railties-6.1.3/lib/rails/templates/rails/welcome/index.html.erb
  Rendered /Users/zd/.rvm/gems/ruby-2.6.1/gems/railties-6.1.3/lib/rails/templates/rails/welcome/index.html.erb (Duration: 6.9ms | Allocations: 315)
Completed 200 OK in 22ms (Views: 9.5ms | ActiveRecord: 0.0ms | Allocations: 2451)


Started GET "/games/1" for ::1 at 2021-03-08 11:17:27 -0500
Processing by GamesController#show as */*
  Parameters: {"id"=>"1"}
  [1m[36mGame Load (1.7ms)[0m  [1m[34mSELECT "games".* FROM "games" WHERE "games"."id" = $1 LIMIT $2[0m  [["id", 1], ["LIMIT", 1]]
  ↳ app/controllers/games_controller.rb:4:in `show'
Completed 200 OK in 30ms (Views: 0.7ms | ActiveRecord: 9.1ms | Allocations: 6454)


Started GET "/games/1" for ::1 at 2021-03-08 11:17:48 -0500
Processing by GamesController#show as */*
  Parameters: {"id"=>"1"}
  [1m[36mGame Load (0.5ms)[0m  [1m[34mSELECT "games".* FROM "games" WHERE "games"."id" = $1 LIMIT $2[0m  [["id", 1], ["LIMIT", 1]]
  ↳ app/controllers/games_controller.rb:4:in `show'
Completed 200 OK in 4ms (Views: 0.8ms | ActiveRecord: 0.5ms | Allocations: 628)


Started GET "/games/1" for ::1 at 2021-03-08 11:18:12 -0500
Processing by GamesController#show as */*
  Parameters: {"id"=>"1"}
  [1m[36mGame Load (0.6ms)[0m  [1m[34mSELECT "games".* FROM "games" WHERE "games"."id" = $1 LIMIT $2[0m  [["id", 1], ["LIMIT", 1]]
  ↳ app/controllers/games_controller.rb:4:in `show'
Completed 200 OK in 3ms (Views: 0.5ms | ActiveRecord: 0.6ms | Allocations: 628)


Started GET "/games/1" for ::1 at 2021-03-08 11:30:49 -0500
Processing by GamesController#show as */*
  Parameters: {"id"=>"1"}
  [1m[36mGame Load (1.4ms)[0m  [1m[34mSELECT "games".* FROM "games" WHERE "games"."id" = $1 LIMIT $2[0m  [["id", 1], ["LIMIT", 1]]
  ↳ app/controllers/games_controller.rb:4:in `show'
Completed 200 OK in 31ms (Views: 0.7ms | ActiveRecord: 17.3ms | Allocations: 2682)


